[debug] [2018-09-08T05:24:18.167Z] ----------------------------------------------------------------------
[debug] [2018-09-08T05:24:18.169Z] Command:       /usr/bin/node /usr/local/bin/firebase serve --host 192.168.88.10
[debug] [2018-09-08T05:24:18.170Z] CLI Version:   3.19.3
[debug] [2018-09-08T05:24:18.170Z] Platform:      linux
[debug] [2018-09-08T05:24:18.170Z] Node Version:  v8.10.0
[debug] [2018-09-08T05:24:18.170Z] Time:          Sat Sep 08 2018 13:24:18 GMT+0800 (WITA)
[debug] [2018-09-08T05:24:18.170Z] ----------------------------------------------------------------------
[debug] 
[debug] [2018-09-08T05:24:18.177Z] > command requires scopes: ["email","openid","https://www.googleapis.com/auth/cloudplatformprojects.readonly","https://www.googleapis.com/auth/firebase","https://www.googleapis.com/auth/cloud-platform"]
[debug] [2018-09-08T05:24:18.177Z] > authorizing via signed-in user
[debug] [2018-09-08T05:24:18.179Z] >>> HTTP REQUEST GET https://admin.firebase.com/v1/projects/bejo-da163  
  
 Sat Sep 08 2018 13:24:18 GMT+0800 (WITA)
[debug] [2018-09-08T05:24:19.282Z] <<< HTTP RESPONSE 200
[debug] [2018-09-08T05:24:19.283Z] >>> HTTP REQUEST GET https://admin.firebase.com/v1/database/bejo-da163/tokens  
  
 Sat Sep 08 2018 13:24:19 GMT+0800 (WITA)
[debug] [2018-09-08T05:24:20.339Z] <<< HTTP RESPONSE 200
[debug] [2018-09-08T05:24:20.340Z] >>> HTTP REQUEST GET https://cloudresourcemanager.googleapis.com/v1/projects/bejo-da163  
  
 Sat Sep 08 2018 13:24:20 GMT+0800 (WITA)
[debug] [2018-09-08T05:24:21.880Z] <<< HTTP RESPONSE 200
[info] 
[info] === Serving from '/home/nyoman/Documents/restaurant'...
[info] 
[debug] [2018-09-08T05:24:21.883Z] >>> HTTP REQUEST GET https://mobilesdk-pa.googleapis.com/v1/projects/599575166187/clients/_:getWebAppConfig  
  
 Sat Sep 08 2018 13:24:21 GMT+0800 (WITA)
[debug] [2018-09-08T05:24:22.348Z] <<< HTTP RESPONSE 200
[info] i  hosting: Serving hosting files from: public
[info] ✔  hosting: Local server: http://192.168.88.10:5000

